\\VMWFIL03\STUDENTS$\1002182\DESKTOP\SERVERREALLY\DEBUG\SERVERREALLY.PDB
\\VMWFIL03\STUDENTS$\1002182\DESKTOP\SERVERREALLY\SERVERREALLY\DEBUG\MAIN.OBJ
\\VMWFIL03\STUDENTS$\1002182\DESKTOP\SERVERREALLY\SERVERREALLY\DEBUG\SERVERREALLY.EXE.EMBED.MANIFEST.RES
\\VMWFIL03\STUDENTS$\1002182\DESKTOP\SERVERREALLY\SERVERREALLY\DEBUG\VC100.PDB
C:\USERS\DALLAS\DESKTOP\DIRECTWHAT\SERVERREALLY\DEBUG\SERVERREALLY.EXE
C:\USERS\DALLAS\DESKTOP\DIRECTWHAT\SERVERREALLY\DEBUG\SERVERREALLY.ILK
C:\USERS\DALLAS\DESKTOP\DIRECTWHAT\SERVERREALLY\DEBUG\SERVERREALLY.PDB
C:\USERS\DALLAS\DESKTOP\DIRECTWHAT\SERVERREALLY\SERVERREALLY\DEBUG\MAIN.OBJ
C:\USERS\DALLAS\DESKTOP\DIRECTWHAT\SERVERREALLY\SERVERREALLY\DEBUG\SERVERREALLY.EXE.EMBED.MANIFEST
C:\USERS\DALLAS\DESKTOP\DIRECTWHAT\SERVERREALLY\SERVERREALLY\DEBUG\SERVERREALLY.EXE.EMBED.MANIFEST.RES
C:\USERS\DALLAS\DESKTOP\DIRECTWHAT\SERVERREALLY\SERVERREALLY\DEBUG\SERVERREALLY.EXE.INTERMEDIATE.MANIFEST
C:\USERS\DALLAS\DESKTOP\DIRECTWHAT\SERVERREALLY\SERVERREALLY\DEBUG\VC100.PDB
C:\USERS\DALLAS\DESKTOP\NETWORK PROGRAMMING 1002182\NETWORKING\SERVERREALLY\DEBUG\SERVERREALLY.EXE
C:\USERS\DALLAS\DESKTOP\NETWORK PROGRAMMING 1002182\NETWORKING\SERVERREALLY\DEBUG\SERVERREALLY.ILK
C:\USERS\DALLAS\DESKTOP\NETWORK PROGRAMMING 1002182\NETWORKING\SERVERREALLY\DEBUG\SERVERREALLY.PDB
C:\USERS\DALLAS\DESKTOP\NETWORK PROGRAMMING 1002182\NETWORKING\SERVERREALLY\SERVERREALLY\DEBUG\MAIN.OBJ
C:\USERS\DALLAS\DESKTOP\NETWORK PROGRAMMING 1002182\NETWORKING\SERVERREALLY\SERVERREALLY\DEBUG\SERVERREALLY.EXE.EMBED.MANIFEST.RES
C:\USERS\DALLAS\DESKTOP\NETWORK PROGRAMMING 1002182\NETWORKING\SERVERREALLY\SERVERREALLY\DEBUG\SERVERREALLY.EXE.INTERMEDIATE.MANIFEST
C:\USERS\DALLAS\DESKTOP\NETWORK PROGRAMMING 1002182\NETWORKING\SERVERREALLY\SERVERREALLY\DEBUG\VC100.PDB
C:\USERS\DALLAS\DESKTOP\NETWORKING 1.4\X 1.3 BROKEN\SERVERREALLY\DEBUG\SERVERREALLY.EXE
C:\USERS\DALLAS\DESKTOP\NETWORKING 1.4\X 1.3 BROKEN\SERVERREALLY\DEBUG\SERVERREALLY.ILK
C:\USERS\DALLAS\DESKTOP\NETWORKING 1.4\X 1.3 BROKEN\SERVERREALLY\DEBUG\SERVERREALLY.PDB
C:\USERS\DALLAS\DESKTOP\NETWORKING 1.4\X 1.3 BROKEN\SERVERREALLY\SERVERREALLY\DEBUG\MAIN.OBJ
C:\USERS\DALLAS\DESKTOP\NETWORKING 1.4\X 1.3 BROKEN\SERVERREALLY\SERVERREALLY\DEBUG\SERVERREALLY.EXE.EMBED.MANIFEST.RES
C:\USERS\DALLAS\DESKTOP\NETWORKING 1.4\X 1.3 BROKEN\SERVERREALLY\SERVERREALLY\DEBUG\SERVERREALLY.EXE.INTERMEDIATE.MANIFEST
C:\USERS\DALLAS\DESKTOP\NETWORKING 1.4\X 1.3 BROKEN\SERVERREALLY\SERVERREALLY\DEBUG\VC100.PDB
C:\Users\Dallas\Desktop\Portfolio\Third Year\Network Programming 1002182\serverreally\Debug\serverreally.exe
C:\Users\Dallas\Desktop\Portfolio\Third Year\Network Programming 1002182\serverreally\Debug\serverreally.ilk
C:\Users\Dallas\Desktop\Portfolio\Third Year\Network Programming 1002182\serverreally\Debug\serverreally.pdb
C:\Users\Dallas\Desktop\Portfolio\Third Year\Network Programming 1002182\serverreally\serverreally\Debug\cl.command.1.tlog
C:\Users\Dallas\Desktop\Portfolio\Third Year\Network Programming 1002182\serverreally\serverreally\Debug\CL.read.1.tlog
C:\Users\Dallas\Desktop\Portfolio\Third Year\Network Programming 1002182\serverreally\serverreally\Debug\CL.write.1.tlog
C:\Users\Dallas\Desktop\Portfolio\Third Year\Network Programming 1002182\serverreally\serverreally\Debug\link.10116.read.1.tlog
C:\Users\Dallas\Desktop\Portfolio\Third Year\Network Programming 1002182\serverreally\serverreally\Debug\link.10116.write.1.tlog
C:\Users\Dallas\Desktop\Portfolio\Third Year\Network Programming 1002182\serverreally\serverreally\Debug\link.10116-cvtres.read.1.tlog
C:\Users\Dallas\Desktop\Portfolio\Third Year\Network Programming 1002182\serverreally\serverreally\Debug\link.10116-cvtres.write.1.tlog
C:\Users\Dallas\Desktop\Portfolio\Third Year\Network Programming 1002182\serverreally\serverreally\Debug\link.5140.read.1.tlog
C:\Users\Dallas\Desktop\Portfolio\Third Year\Network Programming 1002182\serverreally\serverreally\Debug\link.5140.write.1.tlog
C:\Users\Dallas\Desktop\Portfolio\Third Year\Network Programming 1002182\serverreally\serverreally\Debug\link.5140-cvtres.read.1.tlog
C:\Users\Dallas\Desktop\Portfolio\Third Year\Network Programming 1002182\serverreally\serverreally\Debug\link.5140-cvtres.write.1.tlog
C:\Users\Dallas\Desktop\Portfolio\Third Year\Network Programming 1002182\serverreally\serverreally\Debug\link.6024.read.1.tlog
C:\Users\Dallas\Desktop\Portfolio\Third Year\Network Programming 1002182\serverreally\serverreally\Debug\link.6024.write.1.tlog
C:\Users\Dallas\Desktop\Portfolio\Third Year\Network Programming 1002182\serverreally\serverreally\Debug\link.6024-cvtres.read.1.tlog
C:\Users\Dallas\Desktop\Portfolio\Third Year\Network Programming 1002182\serverreally\serverreally\Debug\link.6024-cvtres.write.1.tlog
C:\Users\Dallas\Desktop\Portfolio\Third Year\Network Programming 1002182\serverreally\serverreally\Debug\link.8060.read.1.tlog
C:\Users\Dallas\Desktop\Portfolio\Third Year\Network Programming 1002182\serverreally\serverreally\Debug\link.8060.write.1.tlog
C:\Users\Dallas\Desktop\Portfolio\Third Year\Network Programming 1002182\serverreally\serverreally\Debug\link.8060-cvtres.read.1.tlog
C:\Users\Dallas\Desktop\Portfolio\Third Year\Network Programming 1002182\serverreally\serverreally\Debug\link.8060-cvtres.write.1.tlog
C:\Users\Dallas\Desktop\Portfolio\Third Year\Network Programming 1002182\serverreally\serverreally\Debug\link.8204.read.1.tlog
C:\Users\Dallas\Desktop\Portfolio\Third Year\Network Programming 1002182\serverreally\serverreally\Debug\link.8204.write.1.tlog
C:\Users\Dallas\Desktop\Portfolio\Third Year\Network Programming 1002182\serverreally\serverreally\Debug\link.8204-cvtres.read.1.tlog
C:\Users\Dallas\Desktop\Portfolio\Third Year\Network Programming 1002182\serverreally\serverreally\Debug\link.8204-cvtres.write.1.tlog
C:\Users\Dallas\Desktop\Portfolio\Third Year\Network Programming 1002182\serverreally\serverreally\Debug\link.command.1.tlog
C:\Users\Dallas\Desktop\Portfolio\Third Year\Network Programming 1002182\serverreally\serverreally\Debug\link.read.1.tlog
C:\Users\Dallas\Desktop\Portfolio\Third Year\Network Programming 1002182\serverreally\serverreally\Debug\link.write.1.tlog
C:\Users\Dallas\Desktop\Portfolio\Third Year\Network Programming 1002182\serverreally\serverreally\Debug\link-cvtres.read.1.tlog
C:\Users\Dallas\Desktop\Portfolio\Third Year\Network Programming 1002182\serverreally\serverreally\Debug\link-cvtres.write.1.tlog
C:\Users\Dallas\Desktop\Portfolio\Third Year\Network Programming 1002182\serverreally\serverreally\Debug\main.obj
C:\Users\Dallas\Desktop\Portfolio\Third Year\Network Programming 1002182\serverreally\serverreally\Debug\mt.command.1.tlog
C:\Users\Dallas\Desktop\Portfolio\Third Year\Network Programming 1002182\serverreally\serverreally\Debug\mt.read.1.tlog
C:\Users\Dallas\Desktop\Portfolio\Third Year\Network Programming 1002182\serverreally\serverreally\Debug\mt.write.1.tlog
C:\Users\Dallas\Desktop\Portfolio\Third Year\Network Programming 1002182\serverreally\serverreally\Debug\rc.command.1.tlog
C:\Users\Dallas\Desktop\Portfolio\Third Year\Network Programming 1002182\serverreally\serverreally\Debug\rc.read.1.tlog
C:\Users\Dallas\Desktop\Portfolio\Third Year\Network Programming 1002182\serverreally\serverreally\Debug\rc.write.1.tlog
C:\Users\Dallas\Desktop\Portfolio\Third Year\Network Programming 1002182\serverreally\serverreally\Debug\serverreally.exe.embed.manifest
C:\Users\Dallas\Desktop\Portfolio\Third Year\Network Programming 1002182\serverreally\serverreally\Debug\serverreally.exe.embed.manifest.res
C:\Users\Dallas\Desktop\Portfolio\Third Year\Network Programming 1002182\serverreally\serverreally\Debug\serverreally.exe.intermediate.manifest
C:\Users\Dallas\Desktop\Portfolio\Third Year\Network Programming 1002182\serverreally\serverreally\Debug\serverreally_manifest.rc
C:\Users\Dallas\Desktop\Portfolio\Third Year\Network Programming 1002182\serverreally\serverreally\Debug\vc100.idb
C:\Users\Dallas\Desktop\Portfolio\Third Year\Network Programming 1002182\serverreally\serverreally\Debug\vc100.pdb
C:\USERS\DALLAS\DESKTOP\X 1.3 BROKEN\SERVERREALLY\DEBUG\SERVERREALLY.EXE
C:\USERS\DALLAS\DESKTOP\X 1.3 BROKEN\SERVERREALLY\DEBUG\SERVERREALLY.ILK
C:\USERS\DALLAS\DESKTOP\X 1.3 BROKEN\SERVERREALLY\DEBUG\SERVERREALLY.PDB
C:\USERS\DALLAS\DESKTOP\X 1.3 BROKEN\SERVERREALLY\SERVERREALLY\DEBUG\MAIN.OBJ
C:\USERS\DALLAS\DESKTOP\X 1.3 BROKEN\SERVERREALLY\SERVERREALLY\DEBUG\SERVERREALLY.EXE.EMBED.MANIFEST
C:\USERS\DALLAS\DESKTOP\X 1.3 BROKEN\SERVERREALLY\SERVERREALLY\DEBUG\SERVERREALLY.EXE.EMBED.MANIFEST.RES
C:\USERS\DALLAS\DESKTOP\X 1.3 BROKEN\SERVERREALLY\SERVERREALLY\DEBUG\SERVERREALLY.EXE.INTERMEDIATE.MANIFEST
C:\USERS\DALLAS\DESKTOP\X 1.3 BROKEN\SERVERREALLY\SERVERREALLY\DEBUG\VC100.PDB
