Build started 03/07/2014 14:43:33.
     1>Project "C:\Users\Dallas\Desktop\Portfolio\Third Year\Network Programming 1002182\clientreally\clientreally\clientreally.vcxproj" on node 2 (build target(s)).
     1>InitializeBuildStatus:
         Creating "Debug\clientreally.unsuccessfulbuild" because "AlwaysCreate" was specified.
       ClCompile:
         E:\Visual Studio 2010\VC\bin\CL.exe /c /ZI /nologo /W3 /WX- /Od /Oy- /D WIN32 /D _DEBUG /D _WINDOWS /D _MBCS /Gm /EHsc /RTC1 /MDd /GS /fp:precise /Zc:wchar_t /Zc:forScope /Fo"Debug\\" /Fd"Debug\vc100.pdb" /Gd /TP /analyze- /errorReport:prompt main.cpp
         main.cpp
     1>c:\users\dallas\desktop\portfolio\third year\network programming 1002182\clientreally\clientreally\main.cpp(203): warning C4244: 'argument' : conversion from 'float' to 'int', possible loss of data
     1>c:\users\dallas\desktop\portfolio\third year\network programming 1002182\clientreally\clientreally\main.cpp(203): warning C4244: 'argument' : conversion from 'float' to 'int', possible loss of data
     1>c:\users\dallas\desktop\portfolio\third year\network programming 1002182\clientreally\clientreally\main.cpp(205): warning C4244: 'argument' : conversion from 'float' to 'int', possible loss of data
     1>c:\users\dallas\desktop\portfolio\third year\network programming 1002182\clientreally\clientreally\main.cpp(205): warning C4244: 'argument' : conversion from 'float' to 'int', possible loss of data
     1>c:\users\dallas\desktop\portfolio\third year\network programming 1002182\clientreally\clientreally\main.cpp(206): warning C4244: 'argument' : conversion from 'float' to 'int', possible loss of data
     1>c:\users\dallas\desktop\portfolio\third year\network programming 1002182\clientreally\clientreally\main.cpp(206): warning C4244: 'argument' : conversion from 'float' to 'int', possible loss of data
     1>c:\users\dallas\desktop\portfolio\third year\network programming 1002182\clientreally\clientreally\main.cpp(215): warning C4244: 'argument' : conversion from 'float' to 'int', possible loss of data
     1>c:\users\dallas\desktop\portfolio\third year\network programming 1002182\clientreally\clientreally\main.cpp(215): warning C4244: 'argument' : conversion from 'float' to 'int', possible loss of data
       ManifestResourceCompile:
         C:\Program Files (x86)\Microsoft SDKs\Windows\v7.0A\bin\rc.exe /nologo /fo"Debug\clientreally.exe.embed.manifest.res" Debug\clientreally_manifest.rc 
       Link:
         E:\Visual Studio 2010\VC\bin\link.exe /ERRORREPORT:PROMPT /OUT:"C:\Users\Dallas\Desktop\Portfolio\Third Year\Network Programming 1002182\clientreally\Debug\clientreally.exe" /INCREMENTAL /NOLOGO kernel32.lib user32.lib gdi32.lib winspool.lib comdlg32.lib advapi32.lib shell32.lib ole32.lib oleaut32.lib uuid.lib odbc32.lib odbccp32.lib /MANIFEST /ManifestFile:"Debug\clientreally.exe.intermediate.manifest" /MANIFESTUAC:"level='asInvoker' uiAccess='false'" /DEBUG /PDB:"C:\Users\Dallas\Desktop\Portfolio\Third Year\Network Programming 1002182\clientreally\Debug\clientreally.pdb" /SUBSYSTEM:WINDOWS /TLBID:1 /DYNAMICBASE /NXCOMPAT /IMPLIB:"C:\Users\Dallas\Desktop\Portfolio\Third Year\Network Programming 1002182\clientreally\Debug\clientreally.lib" /MACHINE:X86 Debug\clientreally.exe.embed.manifest.res
         Debug\main.obj
       Manifest:
         C:\Program Files (x86)\Microsoft SDKs\Windows\v7.0A\bin\mt.exe /nologo /verbose /out:"Debug\clientreally.exe.embed.manifest" /manifest Debug\clientreally.exe.intermediate.manifest
         C:\Program Files (x86)\Microsoft SDKs\Windows\v7.0A\bin\rc.exe /nologo /fo"Debug\clientreally.exe.embed.manifest.res" Debug\clientreally_manifest.rc 
       LinkEmbedManifest:
         E:\Visual Studio 2010\VC\bin\link.exe /ERRORREPORT:PROMPT /OUT:"C:\Users\Dallas\Desktop\Portfolio\Third Year\Network Programming 1002182\clientreally\Debug\clientreally.exe" /INCREMENTAL /NOLOGO kernel32.lib user32.lib gdi32.lib winspool.lib comdlg32.lib advapi32.lib shell32.lib ole32.lib oleaut32.lib uuid.lib odbc32.lib odbccp32.lib /MANIFEST /ManifestFile:"Debug\clientreally.exe.intermediate.manifest" /MANIFESTUAC:"level='asInvoker' uiAccess='false'" /DEBUG /PDB:"C:\Users\Dallas\Desktop\Portfolio\Third Year\Network Programming 1002182\clientreally\Debug\clientreally.pdb" /SUBSYSTEM:WINDOWS /TLBID:1 /DYNAMICBASE /NXCOMPAT /IMPLIB:"C:\Users\Dallas\Desktop\Portfolio\Third Year\Network Programming 1002182\clientreally\Debug\clientreally.lib" /MACHINE:X86 Debug\clientreally.exe.embed.manifest.res
         Debug\main.obj
         clientreally.vcxproj -> C:\Users\Dallas\Desktop\Portfolio\Third Year\Network Programming 1002182\clientreally\Debug\clientreally.exe
       FinalizeBuildStatus:
         Deleting file "Debug\clientreally.unsuccessfulbuild".
         Touching "Debug\clientreally.lastbuildstate".
     1>Done Building Project "C:\Users\Dallas\Desktop\Portfolio\Third Year\Network Programming 1002182\clientreally\clientreally\clientreally.vcxproj" (build target(s)).

Build succeeded.

Time Elapsed 00:00:01.32
