\\VMWFIL03\STUDENTS$\1002182\DESKTOP\CLIENTREALLY\CLIENTREALLY\DEBUG\MAIN.OBJ
\\VMWFIL03\STUDENTS$\1002182\DESKTOP\CLIENTREALLY\CLIENTREALLY\DEBUG\VC100.PDB
\\VMWFIL03\STUDENTS$\1002182\DESKTOP\CLIENTREALLY\DEBUG\CLIENTREALLY.ILK
\\VMWFIL03\STUDENTS$\1002182\DESKTOP\CLIENTREALLY\DEBUG\CLIENTREALLY.PDB
C:\USERS\DALLAS\DESKTOP\DIRECTWHAT\CLIENTREALLY\CLIENTREALLY\DEBUG\CLIENTREALLY.EXE.EMBED.MANIFEST
C:\USERS\DALLAS\DESKTOP\DIRECTWHAT\CLIENTREALLY\CLIENTREALLY\DEBUG\CLIENTREALLY.EXE.EMBED.MANIFEST.RES
C:\USERS\DALLAS\DESKTOP\DIRECTWHAT\CLIENTREALLY\CLIENTREALLY\DEBUG\CLIENTREALLY.EXE.INTERMEDIATE.MANIFEST
C:\USERS\DALLAS\DESKTOP\DIRECTWHAT\CLIENTREALLY\CLIENTREALLY\DEBUG\MAIN.OBJ
C:\USERS\DALLAS\DESKTOP\DIRECTWHAT\CLIENTREALLY\CLIENTREALLY\DEBUG\VC100.PDB
C:\USERS\DALLAS\DESKTOP\DIRECTWHAT\CLIENTREALLY\DEBUG\CLIENTREALLY.EXE
C:\USERS\DALLAS\DESKTOP\DIRECTWHAT\CLIENTREALLY\DEBUG\CLIENTREALLY.ILK
C:\USERS\DALLAS\DESKTOP\DIRECTWHAT\CLIENTREALLY\DEBUG\CLIENTREALLY.PDB
C:\USERS\DALLAS\DESKTOP\NETWORK PROGRAMMING 1002182\NETWORKING\CLIENTREALLY\CLIENTREALLY\DEBUG\CLIENTREALLY.EXE.EMBED.MANIFEST.RES
C:\USERS\DALLAS\DESKTOP\NETWORK PROGRAMMING 1002182\NETWORKING\CLIENTREALLY\CLIENTREALLY\DEBUG\CLIENTREALLY.EXE.INTERMEDIATE.MANIFEST
C:\USERS\DALLAS\DESKTOP\NETWORK PROGRAMMING 1002182\NETWORKING\CLIENTREALLY\CLIENTREALLY\DEBUG\MAIN.OBJ
C:\USERS\DALLAS\DESKTOP\NETWORK PROGRAMMING 1002182\NETWORKING\CLIENTREALLY\CLIENTREALLY\DEBUG\VC100.PDB
C:\USERS\DALLAS\DESKTOP\NETWORK PROGRAMMING 1002182\NETWORKING\CLIENTREALLY\DEBUG\CLIENTREALLY.EXE
C:\USERS\DALLAS\DESKTOP\NETWORK PROGRAMMING 1002182\NETWORKING\CLIENTREALLY\DEBUG\CLIENTREALLY.ILK
C:\USERS\DALLAS\DESKTOP\NETWORK PROGRAMMING 1002182\NETWORKING\CLIENTREALLY\DEBUG\CLIENTREALLY.PDB
C:\USERS\DALLAS\DESKTOP\NETWORKING 1.4\X 1.3 BROKEN\CLIENTREALLY\CLIENTREALLY\DEBUG\CLIENTREALLY.EXE.EMBED.MANIFEST.RES
C:\USERS\DALLAS\DESKTOP\NETWORKING 1.4\X 1.3 BROKEN\CLIENTREALLY\CLIENTREALLY\DEBUG\CLIENTREALLY.EXE.INTERMEDIATE.MANIFEST
C:\USERS\DALLAS\DESKTOP\NETWORKING 1.4\X 1.3 BROKEN\CLIENTREALLY\CLIENTREALLY\DEBUG\MAIN.OBJ
C:\USERS\DALLAS\DESKTOP\NETWORKING 1.4\X 1.3 BROKEN\CLIENTREALLY\CLIENTREALLY\DEBUG\VC100.PDB
C:\USERS\DALLAS\DESKTOP\NETWORKING 1.4\X 1.3 BROKEN\CLIENTREALLY\DEBUG\CLIENTREALLY.EXE
C:\USERS\DALLAS\DESKTOP\NETWORKING 1.4\X 1.3 BROKEN\CLIENTREALLY\DEBUG\CLIENTREALLY.ILK
C:\USERS\DALLAS\DESKTOP\NETWORKING 1.4\X 1.3 BROKEN\CLIENTREALLY\DEBUG\CLIENTREALLY.PDB
C:\Users\Dallas\Desktop\Portfolio\Third Year\Network Programming 1002182\clientreally\clientreally\Debug\cl.command.1.tlog
C:\Users\Dallas\Desktop\Portfolio\Third Year\Network Programming 1002182\clientreally\clientreally\Debug\CL.read.1.tlog
C:\Users\Dallas\Desktop\Portfolio\Third Year\Network Programming 1002182\clientreally\clientreally\Debug\CL.write.1.tlog
C:\Users\Dallas\Desktop\Portfolio\Third Year\Network Programming 1002182\clientreally\clientreally\Debug\clientreally.exe.embed.manifest
C:\Users\Dallas\Desktop\Portfolio\Third Year\Network Programming 1002182\clientreally\clientreally\Debug\clientreally.exe.embed.manifest.res
C:\Users\Dallas\Desktop\Portfolio\Third Year\Network Programming 1002182\clientreally\clientreally\Debug\clientreally.exe.intermediate.manifest
C:\Users\Dallas\Desktop\Portfolio\Third Year\Network Programming 1002182\clientreally\clientreally\Debug\clientreally_manifest.rc
C:\Users\Dallas\Desktop\Portfolio\Third Year\Network Programming 1002182\clientreally\clientreally\Debug\link.4716.read.1.tlog
C:\Users\Dallas\Desktop\Portfolio\Third Year\Network Programming 1002182\clientreally\clientreally\Debug\link.4716.write.1.tlog
C:\Users\Dallas\Desktop\Portfolio\Third Year\Network Programming 1002182\clientreally\clientreally\Debug\link.4716-cvtres.read.1.tlog
C:\Users\Dallas\Desktop\Portfolio\Third Year\Network Programming 1002182\clientreally\clientreally\Debug\link.4716-cvtres.write.1.tlog
C:\Users\Dallas\Desktop\Portfolio\Third Year\Network Programming 1002182\clientreally\clientreally\Debug\link.5444.read.1.tlog
C:\Users\Dallas\Desktop\Portfolio\Third Year\Network Programming 1002182\clientreally\clientreally\Debug\link.5444.write.1.tlog
C:\Users\Dallas\Desktop\Portfolio\Third Year\Network Programming 1002182\clientreally\clientreally\Debug\link.5444-cvtres.read.1.tlog
C:\Users\Dallas\Desktop\Portfolio\Third Year\Network Programming 1002182\clientreally\clientreally\Debug\link.5444-cvtres.write.1.tlog
C:\Users\Dallas\Desktop\Portfolio\Third Year\Network Programming 1002182\clientreally\clientreally\Debug\link.6820.read.1.tlog
C:\Users\Dallas\Desktop\Portfolio\Third Year\Network Programming 1002182\clientreally\clientreally\Debug\link.6820.write.1.tlog
C:\Users\Dallas\Desktop\Portfolio\Third Year\Network Programming 1002182\clientreally\clientreally\Debug\link.6820-cvtres.read.1.tlog
C:\Users\Dallas\Desktop\Portfolio\Third Year\Network Programming 1002182\clientreally\clientreally\Debug\link.6820-cvtres.write.1.tlog
C:\Users\Dallas\Desktop\Portfolio\Third Year\Network Programming 1002182\clientreally\clientreally\Debug\link.7700.read.1.tlog
C:\Users\Dallas\Desktop\Portfolio\Third Year\Network Programming 1002182\clientreally\clientreally\Debug\link.7700.write.1.tlog
C:\Users\Dallas\Desktop\Portfolio\Third Year\Network Programming 1002182\clientreally\clientreally\Debug\link.7700-cvtres.read.1.tlog
C:\Users\Dallas\Desktop\Portfolio\Third Year\Network Programming 1002182\clientreally\clientreally\Debug\link.7700-cvtres.write.1.tlog
C:\Users\Dallas\Desktop\Portfolio\Third Year\Network Programming 1002182\clientreally\clientreally\Debug\link.8812.read.1.tlog
C:\Users\Dallas\Desktop\Portfolio\Third Year\Network Programming 1002182\clientreally\clientreally\Debug\link.8812.write.1.tlog
C:\Users\Dallas\Desktop\Portfolio\Third Year\Network Programming 1002182\clientreally\clientreally\Debug\link.8812-cvtres.read.1.tlog
C:\Users\Dallas\Desktop\Portfolio\Third Year\Network Programming 1002182\clientreally\clientreally\Debug\link.8812-cvtres.write.1.tlog
C:\Users\Dallas\Desktop\Portfolio\Third Year\Network Programming 1002182\clientreally\clientreally\Debug\link.8876.read.1.tlog
C:\Users\Dallas\Desktop\Portfolio\Third Year\Network Programming 1002182\clientreally\clientreally\Debug\link.8876.write.1.tlog
C:\Users\Dallas\Desktop\Portfolio\Third Year\Network Programming 1002182\clientreally\clientreally\Debug\link.8876-cvtres.read.1.tlog
C:\Users\Dallas\Desktop\Portfolio\Third Year\Network Programming 1002182\clientreally\clientreally\Debug\link.8876-cvtres.write.1.tlog
C:\Users\Dallas\Desktop\Portfolio\Third Year\Network Programming 1002182\clientreally\clientreally\Debug\link.9616.read.1.tlog
C:\Users\Dallas\Desktop\Portfolio\Third Year\Network Programming 1002182\clientreally\clientreally\Debug\link.9616.write.1.tlog
C:\Users\Dallas\Desktop\Portfolio\Third Year\Network Programming 1002182\clientreally\clientreally\Debug\link.9616-cvtres.read.1.tlog
C:\Users\Dallas\Desktop\Portfolio\Third Year\Network Programming 1002182\clientreally\clientreally\Debug\link.9616-cvtres.write.1.tlog
C:\Users\Dallas\Desktop\Portfolio\Third Year\Network Programming 1002182\clientreally\clientreally\Debug\link.command.1.tlog
C:\Users\Dallas\Desktop\Portfolio\Third Year\Network Programming 1002182\clientreally\clientreally\Debug\link.read.1.tlog
C:\Users\Dallas\Desktop\Portfolio\Third Year\Network Programming 1002182\clientreally\clientreally\Debug\link.write.1.tlog
C:\Users\Dallas\Desktop\Portfolio\Third Year\Network Programming 1002182\clientreally\clientreally\Debug\link-cvtres.read.1.tlog
C:\Users\Dallas\Desktop\Portfolio\Third Year\Network Programming 1002182\clientreally\clientreally\Debug\link-cvtres.write.1.tlog
C:\Users\Dallas\Desktop\Portfolio\Third Year\Network Programming 1002182\clientreally\clientreally\Debug\main.obj
C:\Users\Dallas\Desktop\Portfolio\Third Year\Network Programming 1002182\clientreally\clientreally\Debug\mt.command.1.tlog
C:\Users\Dallas\Desktop\Portfolio\Third Year\Network Programming 1002182\clientreally\clientreally\Debug\mt.read.1.tlog
C:\Users\Dallas\Desktop\Portfolio\Third Year\Network Programming 1002182\clientreally\clientreally\Debug\mt.write.1.tlog
C:\Users\Dallas\Desktop\Portfolio\Third Year\Network Programming 1002182\clientreally\clientreally\Debug\rc.command.1.tlog
C:\Users\Dallas\Desktop\Portfolio\Third Year\Network Programming 1002182\clientreally\clientreally\Debug\rc.read.1.tlog
C:\Users\Dallas\Desktop\Portfolio\Third Year\Network Programming 1002182\clientreally\clientreally\Debug\rc.write.1.tlog
C:\Users\Dallas\Desktop\Portfolio\Third Year\Network Programming 1002182\clientreally\clientreally\Debug\vc100.idb
C:\Users\Dallas\Desktop\Portfolio\Third Year\Network Programming 1002182\clientreally\clientreally\Debug\vc100.pdb
C:\Users\Dallas\Desktop\Portfolio\Third Year\Network Programming 1002182\clientreally\Debug\clientreally.exe
C:\Users\Dallas\Desktop\Portfolio\Third Year\Network Programming 1002182\clientreally\Debug\clientreally.ilk
C:\Users\Dallas\Desktop\Portfolio\Third Year\Network Programming 1002182\clientreally\Debug\clientreally.pdb
C:\USERS\DALLAS\DESKTOP\X 1.3 BROKEN\CLIENTREALLY\CLIENTREALLY\DEBUG\CLIENTREALLY.EXE.EMBED.MANIFEST
C:\USERS\DALLAS\DESKTOP\X 1.3 BROKEN\CLIENTREALLY\CLIENTREALLY\DEBUG\CLIENTREALLY.EXE.EMBED.MANIFEST.RES
C:\USERS\DALLAS\DESKTOP\X 1.3 BROKEN\CLIENTREALLY\CLIENTREALLY\DEBUG\CLIENTREALLY.EXE.INTERMEDIATE.MANIFEST
C:\USERS\DALLAS\DESKTOP\X 1.3 BROKEN\CLIENTREALLY\CLIENTREALLY\DEBUG\MAIN.OBJ
C:\USERS\DALLAS\DESKTOP\X 1.3 BROKEN\CLIENTREALLY\CLIENTREALLY\DEBUG\VC100.PDB
C:\USERS\DALLAS\DESKTOP\X 1.3 BROKEN\CLIENTREALLY\DEBUG\CLIENTREALLY.EXE
C:\USERS\DALLAS\DESKTOP\X 1.3 BROKEN\CLIENTREALLY\DEBUG\CLIENTREALLY.ILK
C:\USERS\DALLAS\DESKTOP\X 1.3 BROKEN\CLIENTREALLY\DEBUG\CLIENTREALLY.PDB
